<?xml version="1.0" encoding="UTF-8"?>
<testng-results skipped="0" failed="0" ignored="0" total="1" passed="1">
  <reporter-output>
  </reporter-output>
  <suite name="Default suite" duration-ms="28113" started-at="2018-09-04T18:18:19Z" finished-at="2018-09-04T18:18:48Z">
    <groups>
    </groups>
    <test name="Default test" duration-ms="28113" started-at="2018-09-04T18:18:19Z" finished-at="2018-09-04T18:18:48Z">
      <class name="com.wizonsoft.coteafs_selenium_tests.LoginTest">
        <test-method status="PASS" signature="siteUp()[pri:0, instance:com.wizonsoft.coteafs_selenium_tests.LoginTest@1a968a59]" name="siteUp" is-config="true" duration-ms="19242" started-at="2018-09-04T18:18:20Z" finished-at="2018-09-04T18:18:39Z">
          <reporter-output>
          </reporter-output>
        </test-method> <!-- siteUp -->
        <test-method status="PASS" signature="loginTest1()[pri:0, instance:com.wizonsoft.coteafs_selenium_tests.LoginTest@1a968a59]" name="loginTest1" duration-ms="7985" started-at="2018-09-04T18:18:39Z" finished-at="2018-09-04T18:18:47Z">
          <reporter-output>
          </reporter-output>
        </test-method> <!-- loginTest1 -->
        <test-method status="PASS" signature="tearDown()[pri:0, instance:com.wizonsoft.coteafs_selenium_tests.LoginTest@1a968a59]" name="tearDown" is-config="true" duration-ms="807" started-at="2018-09-04T18:18:47Z" finished-at="2018-09-04T18:18:48Z">
          <reporter-output>
          </reporter-output>
        </test-method> <!-- tearDown -->
      </class> <!-- com.wizonsoft.coteafs_selenium_tests.LoginTest -->
    </test> <!-- Default test -->
  </suite> <!-- Default suite -->
</testng-results>
